[0m22:14:41.785738 [debug] [MainThread]: Sending event: {'category': 'dbt', 'action': 'invocation', 'label': 'start', 'context': [<snowplow_tracker.self_describing_json.SelfDescribingJson object at 0x107cb9e80>, <snowplow_tracker.self_describing_json.SelfDescribingJson object at 0x108a13c50>, <snowplow_tracker.self_describing_json.SelfDescribingJson object at 0x108a13ed0>]}


============================== 22:14:41.788962 | e9434dc4-9d8d-49aa-94d8-d5fd73535f7a ==============================
[0m22:14:41.788962 [info ] [MainThread]: Running with dbt=1.9.0
[0m22:14:41.789340 [debug] [MainThread]: running dbt with arguments {'printer_width': '80', 'indirect_selection': 'eager', 'write_json': 'True', 'log_cache_events': 'False', 'partial_parse': 'True', 'cache_selected_only': 'False', 'warn_error': 'None', 'debug': 'False', 'fail_fast': 'False', 'log_path': 'logs', 'profiles_dir': '/Users/ramana/.dbt', 'version_check': 'True', 'use_colors': 'True', 'use_experimental_parser': 'False', 'no_print': 'None', 'quiet': 'False', 'empty': 'False', 'warn_error_options': 'WarnErrorOptions(include=[], exclude=[])', 'introspect': 'True', 'static_parser': 'True', 'invocation_command': 'dbt run', 'target_path': 'None', 'log_format': 'default', 'send_anonymous_usage_stats': 'True'}
[0m22:14:41.789678 [error] [MainThread]: Encountered an error:
Runtime Error
  No dbt_project.yml found at expected path /Users/ramana/github_repos/analytics-projects/dbt_project.yml
  Verify that each entry within packages.yml (and their transitive dependencies) contains a file named dbt_project.yml
  
[0m22:14:41.816109 [debug] [MainThread]: Resource report: {"command_name": "run", "command_success": false, "command_wall_clock_time": 0.07427534, "process_in_blocks": "0", "process_kernel_time": 0.142537, "process_mem_max_rss": "104218624", "process_out_blocks": "0", "process_user_time": 0.712437}
[0m22:14:41.816563 [debug] [MainThread]: Command `dbt run` failed at 22:14:41.816486 after 0.07 seconds
[0m22:14:41.816818 [debug] [MainThread]: Sending event: {'category': 'dbt', 'action': 'invocation', 'label': 'end', 'context': [<snowplow_tracker.self_describing_json.SelfDescribingJson object at 0x1089236f0>, <snowplow_tracker.self_describing_json.SelfDescribingJson object at 0x1088ab890>, <snowplow_tracker.self_describing_json.SelfDescribingJson object at 0x108ab4380>]}
[0m22:14:41.817060 [debug] [MainThread]: Flushing usage events
[0m22:14:42.528329 [debug] [MainThread]: An error was encountered while trying to flush usage events
[0m03:37:52.046926 [debug] [MainThread]: Sending event: {'category': 'dbt', 'action': 'invocation', 'label': 'start', 'context': [<snowplow_tracker.self_describing_json.SelfDescribingJson object at 0x119009e80>, <snowplow_tracker.self_describing_json.SelfDescribingJson object at 0x11a2c3c50>, <snowplow_tracker.self_describing_json.SelfDescribingJson object at 0x11a2c3ed0>]}


============================== 03:37:52.050283 | 698b7d30-119a-4b94-a52d-1ba231258b2b ==============================
[0m03:37:52.050283 [info ] [MainThread]: Running with dbt=1.9.0
[0m03:37:52.050676 [debug] [MainThread]: running dbt with arguments {'printer_width': '80', 'indirect_selection': 'eager', 'log_cache_events': 'False', 'write_json': 'True', 'partial_parse': 'True', 'cache_selected_only': 'False', 'profiles_dir': '/Users/ramana/.dbt', 'version_check': 'True', 'debug': 'False', 'log_path': 'logs', 'warn_error': 'None', 'fail_fast': 'False', 'use_colors': 'True', 'use_experimental_parser': 'False', 'no_print': 'None', 'quiet': 'False', 'empty': 'None', 'log_format': 'default', 'introspect': 'True', 'invocation_command': 'dbt debug', 'warn_error_options': 'WarnErrorOptions(include=[], exclude=[])', 'target_path': 'None', 'static_parser': 'True', 'send_anonymous_usage_stats': 'True'}
[0m03:37:52.060007 [info ] [MainThread]: dbt version: 1.9.0
[0m03:37:52.060300 [info ] [MainThread]: python version: 3.13.1
[0m03:37:52.060462 [info ] [MainThread]: python path: /usr/local/bin/python3
[0m03:37:52.060613 [info ] [MainThread]: os info: macOS-15.5-arm64-arm-64bit-Mach-O
[0m03:37:52.099914 [info ] [MainThread]: Using profiles dir at /Users/ramana/.dbt
[0m03:37:52.100258 [info ] [MainThread]: Using profiles.yml file at /Users/ramana/.dbt/profiles.yml
[0m03:37:52.100458 [info ] [MainThread]: Using dbt_project.yml file at /Users/ramana/github_repos/analytics-projects/dbt_project.yml
[0m03:37:52.100891 [info ] [MainThread]: adapter type: postgres
[0m03:37:52.101145 [info ] [MainThread]: adapter version: 1.9.0
[0m03:37:52.101357 [info ] [MainThread]: Configuration:
[0m03:37:52.101515 [info ] [MainThread]:   profiles.yml file [[32mOK found and valid[0m]
[0m03:37:52.101672 [info ] [MainThread]:   dbt_project.yml file [[31mERROR not found[0m]
[0m03:37:52.101839 [info ] [MainThread]: Required dependencies:
[0m03:37:52.102036 [debug] [MainThread]: Executing "git --help"
[0m03:37:52.117443 [debug] [MainThread]: STDOUT: "b"usage: git [-v | --version] [-h | --help] [-C <path>] [-c <name>=<value>]\n           [--exec-path[=<path>]] [--html-path] [--man-path] [--info-path]\n           [-p | --paginate | -P | --no-pager] [--no-replace-objects] [--bare]\n           [--git-dir=<path>] [--work-tree=<path>] [--namespace=<name>]\n           [--super-prefix=<path>] [--config-env=<name>=<envvar>]\n           <command> [<args>]\n\nThese are common Git commands used in various situations:\n\nstart a working area (see also: git help tutorial)\n   clone     Clone a repository into a new directory\n   init      Create an empty Git repository or reinitialize an existing one\n\nwork on the current change (see also: git help everyday)\n   add       Add file contents to the index\n   mv        Move or rename a file, a directory, or a symlink\n   restore   Restore working tree files\n   rm        Remove files from the working tree and from the index\n\nexamine the history and state (see also: git help revisions)\n   bisect    Use binary search to find the commit that introduced a bug\n   diff      Show changes between commits, commit and working tree, etc\n   grep      Print lines matching a pattern\n   log       Show commit logs\n   show      Show various types of objects\n   status    Show the working tree status\n\ngrow, mark and tweak your common history\n   branch    List, create, or delete branches\n   commit    Record changes to the repository\n   merge     Join two or more development histories together\n   rebase    Reapply commits on top of another base tip\n   reset     Reset current HEAD to the specified state\n   switch    Switch branches\n   tag       Create, list, delete or verify a tag object signed with GPG\n\ncollaborate (see also: git help workflows)\n   fetch     Download objects and refs from another repository\n   pull      Fetch from and integrate with another repository or a local branch\n   push      Update remote refs along with associated objects\n\n'git help -a' and 'git help -g' list available subcommands and some\nconcept guides. See 'git help <command>' or 'git help <concept>'\nto read about a specific subcommand or concept.\nSee 'git help git' for an overview of the system.\n""
[0m03:37:52.118007 [debug] [MainThread]: STDERR: "b''"
[0m03:37:52.118206 [info ] [MainThread]:  - git [[32mOK found[0m]

[0m03:37:52.118392 [info ] [MainThread]: Connection:
[0m03:37:52.118562 [info ] [MainThread]:   host: localhost
[0m03:37:52.118704 [info ] [MainThread]:   port: 5432
[0m03:37:52.118836 [info ] [MainThread]:   user: postgres
[0m03:37:52.118967 [info ] [MainThread]:   database: RetailSales
[0m03:37:52.119094 [info ] [MainThread]:   schema: dw
[0m03:37:52.119226 [info ] [MainThread]:   connect_timeout: 10
[0m03:37:52.119353 [info ] [MainThread]:   role: None
[0m03:37:52.119481 [info ] [MainThread]:   search_path: None
[0m03:37:52.119604 [info ] [MainThread]:   keepalives_idle: 0
[0m03:37:52.119731 [info ] [MainThread]:   sslmode: None
[0m03:37:52.119858 [info ] [MainThread]:   sslcert: None
[0m03:37:52.119980 [info ] [MainThread]:   sslkey: None
[0m03:37:52.120106 [info ] [MainThread]:   sslrootcert: None
[0m03:37:52.120229 [info ] [MainThread]:   application_name: dbt
[0m03:37:52.120366 [info ] [MainThread]:   retries: 1
[0m03:37:52.120748 [info ] [MainThread]: Registered adapter: postgres=1.9.0
[0m03:37:52.168072 [debug] [MainThread]: Acquiring new postgres connection 'debug'
[0m03:37:52.198599 [debug] [MainThread]: Using postgres connection "debug"
[0m03:37:52.198885 [debug] [MainThread]: On debug: select 1 as id
[0m03:37:52.199056 [debug] [MainThread]: Opening a new connection, currently in state init
[0m03:37:52.219748 [debug] [MainThread]: SQL status: SELECT 1 in 0.021 seconds
[0m03:37:52.220424 [debug] [MainThread]: On debug: Close
[0m03:37:52.220647 [info ] [MainThread]:   Connection test: [[32mOK connection ok[0m]

[0m03:37:52.220845 [info ] [MainThread]: [31m1 check failed:[0m
[0m03:37:52.220999 [info ] [MainThread]: Project loading failed for the following reason:
 project path </Users/ramana/github_repos/analytics-projects/dbt_project.yml> not found

[0m03:37:52.223050 [debug] [MainThread]: Resource report: {"command_name": "debug", "command_success": false, "command_wall_clock_time": 0.21418242, "process_in_blocks": "0", "process_kernel_time": 0.171975, "process_mem_max_rss": "117653504", "process_out_blocks": "0", "process_user_time": 0.791967}
[0m03:37:52.223349 [debug] [MainThread]: Command `dbt debug` failed at 03:37:52.223284 after 0.21 seconds
[0m03:37:52.223555 [debug] [MainThread]: Connection 'debug' was properly closed.
[0m03:37:52.223758 [debug] [MainThread]: Sending event: {'category': 'dbt', 'action': 'invocation', 'label': 'end', 'context': [<snowplow_tracker.self_describing_json.SelfDescribingJson object at 0x11c31dcd0>, <snowplow_tracker.self_describing_json.SelfDescribingJson object at 0x11c2f3650>, <snowplow_tracker.self_describing_json.SelfDescribingJson object at 0x11c9cc160>]}
[0m03:37:52.224021 [debug] [MainThread]: Flushing usage events
[0m03:37:52.438320 [debug] [MainThread]: An error was encountered while trying to flush usage events
