[0m22:16:19.106711 [debug] [MainThread]: Sending event: {'category': 'dbt', 'action': 'invocation', 'label': 'start', 'context': [<snowplow_tracker.self_describing_json.SelfDescribingJson object at 0x108035e80>, <snowplow_tracker.self_describing_json.SelfDescribingJson object at 0x109bc3c50>, <snowplow_tracker.self_describing_json.SelfDescribingJson object at 0x109bc3ed0>]}


============================== 22:16:19.109732 | f775c813-24bb-4bb2-9c53-c14b7336b097 ==============================
[0m22:16:19.109732 [info ] [MainThread]: Running with dbt=1.9.0
[0m22:16:19.110144 [debug] [MainThread]: running dbt with arguments {'printer_width': '80', 'indirect_selection': 'eager', 'write_json': 'True', 'log_cache_events': 'False', 'partial_parse': 'True', 'cache_selected_only': 'False', 'warn_error': 'None', 'fail_fast': 'False', 'version_check': 'True', 'log_path': 'logs', 'debug': 'False', 'profiles_dir': '/Users/ramana/.dbt', 'use_colors': 'True', 'use_experimental_parser': 'False', 'empty': 'None', 'quiet': 'False', 'no_print': 'None', 'warn_error_options': 'WarnErrorOptions(include=[], exclude=[])', 'invocation_command': 'dbt init retail_warehouse', 'introspect': 'True', 'static_parser': 'True', 'target_path': 'None', 'log_format': 'default', 'send_anonymous_usage_stats': 'True'}
[0m22:16:19.121702 [debug] [MainThread]: Starter project path: /Library/Frameworks/Python.framework/Versions/3.13/lib/python3.13/site-packages/dbt/include/starter_project
[0m22:16:19.126594 [info ] [MainThread]: 
Your new dbt project "retail_warehouse" was created!

For more information on how to configure the profiles.yml file,
please consult the dbt documentation here:

  https://docs.getdbt.com/docs/configure-your-profile

One more thing:

Need help? Don't hesitate to reach out to us via GitHub issues or on Slack:

  https://community.getdbt.com/

Happy modeling!

[0m22:16:19.126828 [info ] [MainThread]: Setting up your profile.
[0m22:19:11.762876 [info ] [MainThread]: Profile retail_warehouse written to /Users/ramana/.dbt/profiles.yml using target's profile_template.yml and your supplied values. Run 'dbt debug' to validate the connection.
[0m22:19:11.798476 [debug] [MainThread]: Resource report: {"command_name": "init", "command_success": true, "command_wall_clock_time": 172.72958, "process_in_blocks": "0", "process_kernel_time": 0.170373, "process_mem_max_rss": "106692608", "process_out_blocks": "0", "process_user_time": 0.747767}
[0m22:19:11.799071 [debug] [MainThread]: Command `dbt init` succeeded at 22:19:11.798942 after 172.73 seconds
[0m22:19:11.799421 [debug] [MainThread]: Sending event: {'category': 'dbt', 'action': 'invocation', 'label': 'end', 'context': [<snowplow_tracker.self_describing_json.SelfDescribingJson object at 0x109c83360>, <snowplow_tracker.self_describing_json.SelfDescribingJson object at 0x10953ec30>, <snowplow_tracker.self_describing_json.SelfDescribingJson object at 0x109c6b680>]}
[0m22:19:11.799745 [debug] [MainThread]: Flushing usage events
[0m22:19:12.019669 [debug] [MainThread]: An error was encountered while trying to flush usage events
[0m22:19:31.476876 [debug] [MainThread]: Sending event: {'category': 'dbt', 'action': 'invocation', 'label': 'start', 'context': [<snowplow_tracker.self_describing_json.SelfDescribingJson object at 0x104e09e80>, <snowplow_tracker.self_describing_json.SelfDescribingJson object at 0x1062c3c50>, <snowplow_tracker.self_describing_json.SelfDescribingJson object at 0x1062c3ed0>]}


============================== 22:19:31.480020 | a1438e0d-5d08-4501-9138-a2e922e227fb ==============================
[0m22:19:31.480020 [info ] [MainThread]: Running with dbt=1.9.0
[0m22:19:31.480406 [debug] [MainThread]: running dbt with arguments {'printer_width': '80', 'indirect_selection': 'eager', 'log_cache_events': 'False', 'write_json': 'True', 'partial_parse': 'True', 'cache_selected_only': 'False', 'warn_error': 'None', 'version_check': 'True', 'profiles_dir': '/Users/ramana/.dbt', 'log_path': 'logs', 'fail_fast': 'False', 'debug': 'False', 'use_colors': 'True', 'use_experimental_parser': 'False', 'no_print': 'None', 'quiet': 'False', 'empty': 'None', 'warn_error_options': 'WarnErrorOptions(include=[], exclude=[])', 'static_parser': 'True', 'introspect': 'True', 'log_format': 'default', 'target_path': 'None', 'invocation_command': 'dbt debug', 'send_anonymous_usage_stats': 'True'}
[0m22:19:31.492438 [info ] [MainThread]: dbt version: 1.9.0
[0m22:19:31.492874 [info ] [MainThread]: python version: 3.13.1
[0m22:19:31.493062 [info ] [MainThread]: python path: /usr/local/bin/python3
[0m22:19:31.493207 [info ] [MainThread]: os info: macOS-15.5-arm64-arm-64bit-Mach-O
[0m22:19:31.529579 [info ] [MainThread]: Using profiles dir at /Users/ramana/.dbt
[0m22:19:31.529911 [info ] [MainThread]: Using profiles.yml file at /Users/ramana/.dbt/profiles.yml
[0m22:19:31.530081 [info ] [MainThread]: Using dbt_project.yml file at /Users/ramana/github_repos/analytics-projects/retail_sales/dbt/dbt_project.yml
[0m22:19:31.530438 [info ] [MainThread]: adapter type: postgres
[0m22:19:31.530590 [info ] [MainThread]: adapter version: 1.9.0
[0m22:19:31.530743 [info ] [MainThread]: Configuration:
[0m22:19:31.530883 [info ] [MainThread]:   profiles.yml file [[32mOK found and valid[0m]
[0m22:19:31.531010 [info ] [MainThread]:   dbt_project.yml file [[31mERROR not found[0m]
[0m22:19:31.531141 [info ] [MainThread]: Required dependencies:
[0m22:19:31.531303 [debug] [MainThread]: Executing "git --help"
[0m22:19:31.545181 [debug] [MainThread]: STDOUT: "b"usage: git [-v | --version] [-h | --help] [-C <path>] [-c <name>=<value>]\n           [--exec-path[=<path>]] [--html-path] [--man-path] [--info-path]\n           [-p | --paginate | -P | --no-pager] [--no-replace-objects] [--bare]\n           [--git-dir=<path>] [--work-tree=<path>] [--namespace=<name>]\n           [--super-prefix=<path>] [--config-env=<name>=<envvar>]\n           <command> [<args>]\n\nThese are common Git commands used in various situations:\n\nstart a working area (see also: git help tutorial)\n   clone     Clone a repository into a new directory\n   init      Create an empty Git repository or reinitialize an existing one\n\nwork on the current change (see also: git help everyday)\n   add       Add file contents to the index\n   mv        Move or rename a file, a directory, or a symlink\n   restore   Restore working tree files\n   rm        Remove files from the working tree and from the index\n\nexamine the history and state (see also: git help revisions)\n   bisect    Use binary search to find the commit that introduced a bug\n   diff      Show changes between commits, commit and working tree, etc\n   grep      Print lines matching a pattern\n   log       Show commit logs\n   show      Show various types of objects\n   status    Show the working tree status\n\ngrow, mark and tweak your common history\n   branch    List, create, or delete branches\n   commit    Record changes to the repository\n   merge     Join two or more development histories together\n   rebase    Reapply commits on top of another base tip\n   reset     Reset current HEAD to the specified state\n   switch    Switch branches\n   tag       Create, list, delete or verify a tag object signed with GPG\n\ncollaborate (see also: git help workflows)\n   fetch     Download objects and refs from another repository\n   pull      Fetch from and integrate with another repository or a local branch\n   push      Update remote refs along with associated objects\n\n'git help -a' and 'git help -g' list available subcommands and some\nconcept guides. See 'git help <command>' or 'git help <concept>'\nto read about a specific subcommand or concept.\nSee 'git help git' for an overview of the system.\n""
[0m22:19:31.545739 [debug] [MainThread]: STDERR: "b''"
[0m22:19:31.545967 [info ] [MainThread]:  - git [[32mOK found[0m]

[0m22:19:31.546146 [info ] [MainThread]: Connection:
[0m22:19:31.546306 [info ] [MainThread]:   host: localhost
[0m22:19:31.546446 [info ] [MainThread]:   port: 5432
[0m22:19:31.546573 [info ] [MainThread]:   user: postgres
[0m22:19:31.546702 [info ] [MainThread]:   database: RetailSales
[0m22:19:31.546838 [info ] [MainThread]:   schema: dw
[0m22:19:31.546967 [info ] [MainThread]:   connect_timeout: 10
[0m22:19:31.547091 [info ] [MainThread]:   role: None
[0m22:19:31.547215 [info ] [MainThread]:   search_path: None
[0m22:19:31.547336 [info ] [MainThread]:   keepalives_idle: 0
[0m22:19:31.547460 [info ] [MainThread]:   sslmode: None
[0m22:19:31.547585 [info ] [MainThread]:   sslcert: None
[0m22:19:31.547928 [info ] [MainThread]:   sslkey: None
[0m22:19:31.548186 [info ] [MainThread]:   sslrootcert: None
[0m22:19:31.548344 [info ] [MainThread]:   application_name: dbt
[0m22:19:31.548496 [info ] [MainThread]:   retries: 1
[0m22:19:31.548892 [info ] [MainThread]: Registered adapter: postgres=1.9.0
[0m22:19:31.597515 [debug] [MainThread]: Acquiring new postgres connection 'debug'
[0m22:19:31.627230 [debug] [MainThread]: Using postgres connection "debug"
[0m22:19:31.627497 [debug] [MainThread]: On debug: select 1 as id
[0m22:19:31.627670 [debug] [MainThread]: Opening a new connection, currently in state init
[0m22:19:31.651149 [debug] [MainThread]: SQL status: SELECT 1 in 0.023 seconds
[0m22:19:31.651781 [debug] [MainThread]: On debug: Close
[0m22:19:31.651998 [info ] [MainThread]:   Connection test: [[32mOK connection ok[0m]

[0m22:19:31.652186 [info ] [MainThread]: [31m1 check failed:[0m
[0m22:19:31.652333 [info ] [MainThread]: Project loading failed for the following reason:
 project path </Users/ramana/github_repos/analytics-projects/retail_sales/dbt/dbt_project.yml> not found

[0m22:19:31.653912 [debug] [MainThread]: Resource report: {"command_name": "debug", "command_success": false, "command_wall_clock_time": 0.21481575, "process_in_blocks": "0", "process_kernel_time": 0.172383, "process_mem_max_rss": "116785152", "process_out_blocks": "0", "process_user_time": 0.787772}
[0m22:19:31.654184 [debug] [MainThread]: Command `dbt debug` failed at 22:19:31.654124 after 0.22 seconds
[0m22:19:31.654373 [debug] [MainThread]: Connection 'debug' was properly closed.
[0m22:19:31.654569 [debug] [MainThread]: Sending event: {'category': 'dbt', 'action': 'invocation', 'label': 'end', 'context': [<snowplow_tracker.self_describing_json.SelfDescribingJson object at 0x106771cd0>, <snowplow_tracker.self_describing_json.SelfDescribingJson object at 0x106763530>, <snowplow_tracker.self_describing_json.SelfDescribingJson object at 0x120208160>]}
[0m22:19:31.654800 [debug] [MainThread]: Flushing usage events
[0m22:19:31.815410 [debug] [MainThread]: An error was encountered while trying to flush usage events
[0m22:20:25.258809 [debug] [MainThread]: Sending event: {'category': 'dbt', 'action': 'invocation', 'label': 'start', 'context': [<snowplow_tracker.self_describing_json.SelfDescribingJson object at 0x1038f5e80>, <snowplow_tracker.self_describing_json.SelfDescribingJson object at 0x10464fc50>, <snowplow_tracker.self_describing_json.SelfDescribingJson object at 0x10464fed0>]}


============================== 22:20:25.262086 | 762a2389-7a41-4e72-8c51-bb5f42900420 ==============================
[0m22:20:25.262086 [info ] [MainThread]: Running with dbt=1.9.0
[0m22:20:25.262497 [debug] [MainThread]: running dbt with arguments {'printer_width': '80', 'indirect_selection': 'eager', 'write_json': 'True', 'log_cache_events': 'False', 'partial_parse': 'True', 'cache_selected_only': 'False', 'warn_error': 'None', 'version_check': 'True', 'fail_fast': 'False', 'log_path': 'logs', 'debug': 'False', 'profiles_dir': '/Users/ramana/.dbt', 'use_colors': 'True', 'use_experimental_parser': 'False', 'empty': 'None', 'quiet': 'False', 'no_print': 'None', 'log_format': 'default', 'invocation_command': 'dbt debug', 'static_parser': 'True', 'introspect': 'True', 'target_path': 'None', 'warn_error_options': 'WarnErrorOptions(include=[], exclude=[])', 'send_anonymous_usage_stats': 'True'}
[0m22:20:25.273496 [info ] [MainThread]: dbt version: 1.9.0
[0m22:20:25.273740 [info ] [MainThread]: python version: 3.13.1
[0m22:20:25.273891 [info ] [MainThread]: python path: /usr/local/bin/python3
[0m22:20:25.274029 [info ] [MainThread]: os info: macOS-15.5-arm64-arm-64bit-Mach-O
[0m22:20:25.317591 [info ] [MainThread]: Using profiles dir at /Users/ramana/.dbt
[0m22:20:25.317894 [info ] [MainThread]: Using profiles.yml file at /Users/ramana/.dbt/profiles.yml
[0m22:20:25.318062 [info ] [MainThread]: Using dbt_project.yml file at /Users/ramana/github_repos/analytics-projects/retail_sales/dbt/dbt_project.yml
[0m22:20:25.318518 [info ] [MainThread]: adapter type: postgres
[0m22:20:25.318667 [info ] [MainThread]: adapter version: 1.9.0
[0m22:20:25.318821 [info ] [MainThread]: Configuration:
[0m22:20:25.318956 [info ] [MainThread]:   profiles.yml file [[32mOK found and valid[0m]
[0m22:20:25.319083 [info ] [MainThread]:   dbt_project.yml file [[31mERROR not found[0m]
[0m22:20:25.319214 [info ] [MainThread]: Required dependencies:
[0m22:20:25.319380 [debug] [MainThread]: Executing "git --help"
[0m22:20:25.332286 [debug] [MainThread]: STDOUT: "b"usage: git [-v | --version] [-h | --help] [-C <path>] [-c <name>=<value>]\n           [--exec-path[=<path>]] [--html-path] [--man-path] [--info-path]\n           [-p | --paginate | -P | --no-pager] [--no-replace-objects] [--bare]\n           [--git-dir=<path>] [--work-tree=<path>] [--namespace=<name>]\n           [--super-prefix=<path>] [--config-env=<name>=<envvar>]\n           <command> [<args>]\n\nThese are common Git commands used in various situations:\n\nstart a working area (see also: git help tutorial)\n   clone     Clone a repository into a new directory\n   init      Create an empty Git repository or reinitialize an existing one\n\nwork on the current change (see also: git help everyday)\n   add       Add file contents to the index\n   mv        Move or rename a file, a directory, or a symlink\n   restore   Restore working tree files\n   rm        Remove files from the working tree and from the index\n\nexamine the history and state (see also: git help revisions)\n   bisect    Use binary search to find the commit that introduced a bug\n   diff      Show changes between commits, commit and working tree, etc\n   grep      Print lines matching a pattern\n   log       Show commit logs\n   show      Show various types of objects\n   status    Show the working tree status\n\ngrow, mark and tweak your common history\n   branch    List, create, or delete branches\n   commit    Record changes to the repository\n   merge     Join two or more development histories together\n   rebase    Reapply commits on top of another base tip\n   reset     Reset current HEAD to the specified state\n   switch    Switch branches\n   tag       Create, list, delete or verify a tag object signed with GPG\n\ncollaborate (see also: git help workflows)\n   fetch     Download objects and refs from another repository\n   pull      Fetch from and integrate with another repository or a local branch\n   push      Update remote refs along with associated objects\n\n'git help -a' and 'git help -g' list available subcommands and some\nconcept guides. See 'git help <command>' or 'git help <concept>'\nto read about a specific subcommand or concept.\nSee 'git help git' for an overview of the system.\n""
[0m22:20:25.332847 [debug] [MainThread]: STDERR: "b''"
[0m22:20:25.333151 [info ] [MainThread]:  - git [[32mOK found[0m]

[0m22:20:25.333402 [info ] [MainThread]: Connection:
[0m22:20:25.333703 [info ] [MainThread]:   host: localhost
[0m22:20:25.333967 [info ] [MainThread]:   port: 5432
[0m22:20:25.334135 [info ] [MainThread]:   user: postgres
[0m22:20:25.334362 [info ] [MainThread]:   database: RetailSales
[0m22:20:25.334623 [info ] [MainThread]:   schema: dw
[0m22:20:25.334802 [info ] [MainThread]:   connect_timeout: 10
[0m22:20:25.334966 [info ] [MainThread]:   role: None
[0m22:20:25.335119 [info ] [MainThread]:   search_path: None
[0m22:20:25.335261 [info ] [MainThread]:   keepalives_idle: 0
[0m22:20:25.335394 [info ] [MainThread]:   sslmode: None
[0m22:20:25.335534 [info ] [MainThread]:   sslcert: None
[0m22:20:25.335678 [info ] [MainThread]:   sslkey: None
[0m22:20:25.335811 [info ] [MainThread]:   sslrootcert: None
[0m22:20:25.335963 [info ] [MainThread]:   application_name: dbt
[0m22:20:25.336096 [info ] [MainThread]:   retries: 1
[0m22:20:25.336490 [info ] [MainThread]: Registered adapter: postgres=1.9.0
[0m22:20:25.382726 [debug] [MainThread]: Acquiring new postgres connection 'debug'
[0m22:20:25.412652 [debug] [MainThread]: Using postgres connection "debug"
[0m22:20:25.412978 [debug] [MainThread]: On debug: select 1 as id
[0m22:20:25.413147 [debug] [MainThread]: Opening a new connection, currently in state init
[0m22:20:25.434531 [debug] [MainThread]: SQL status: SELECT 1 in 0.021 seconds
[0m22:20:25.435106 [debug] [MainThread]: On debug: Close
[0m22:20:25.435301 [info ] [MainThread]:   Connection test: [[32mOK connection ok[0m]

[0m22:20:25.435488 [info ] [MainThread]: [31m1 check failed:[0m
[0m22:20:25.435633 [info ] [MainThread]: Project loading failed for the following reason:
 project path </Users/ramana/github_repos/analytics-projects/retail_sales/dbt/dbt_project.yml> not found

[0m22:20:25.437732 [debug] [MainThread]: Resource report: {"command_name": "debug", "command_success": false, "command_wall_clock_time": 0.21999533, "process_in_blocks": "0", "process_kernel_time": 0.196424, "process_mem_max_rss": "117424128", "process_out_blocks": "0", "process_user_time": 0.799873}
[0m22:20:25.438064 [debug] [MainThread]: Command `dbt debug` failed at 22:20:25.437996 after 0.22 seconds
[0m22:20:25.438285 [debug] [MainThread]: Connection 'debug' was properly closed.
[0m22:20:25.438490 [debug] [MainThread]: Sending event: {'category': 'dbt', 'action': 'invocation', 'label': 'end', 'context': [<snowplow_tracker.self_describing_json.SelfDescribingJson object at 0x104bfdcd0>, <snowplow_tracker.self_describing_json.SelfDescribingJson object at 0x104bef530>, <snowplow_tracker.self_describing_json.SelfDescribingJson object at 0x104c64160>]}
[0m22:20:25.438742 [debug] [MainThread]: Flushing usage events
[0m22:20:25.601180 [debug] [MainThread]: An error was encountered while trying to flush usage events
